2024-05-13T06:34:36.283Z [info]: Listening to port 7003
2024-05-13T06:34:37.859Z [info]: 📧 Connected to email server 📧
2024-05-13T06:35:51.647Z [info]: Listening to port 7003
2024-05-13T06:35:53.308Z [info]: 📧 Connected to email server 📧
2024-05-13T06:36:02.935Z [info]: Listening to port 7003
2024-05-13T06:36:04.489Z [info]: 📧 Connected to email server 📧
2024-05-13T06:43:40.314Z [info]: Listening to port 7003
2024-05-13T06:43:41.816Z [info]: 📧 Connected to email server 📧
2024-05-13T06:45:53.390Z [info]: Listening to port 7003
2024-05-13T06:45:55.069Z [info]: 📧 Connected to email server 📧
2024-05-13T09:28:05.110Z [info]: Listening to port 7003
2024-05-13T09:28:05.917Z [info]: GET /api/v1/docs 301 - 4.377 ms
2024-05-13T09:28:05.925Z [info]: GET /api/v1/docs/ 200 - 4.964 ms
2024-05-13T09:28:05.979Z [info]: GET /api/v1/docs/swagger-ui-init.js 200 - 0.362 ms
2024-05-13T09:28:05.984Z [info]: GET /api/v1/docs/swagger-ui.css 200 - 9.956 ms
2024-05-13T09:28:05.986Z [info]: GET /api/v1/docs/swagger-ui-standalone-preset.js 200 - 9.290 ms
2024-05-13T09:28:06.026Z [info]: GET /api/v1/docs/swagger-ui-bundle.js 200 - 9.570 ms
2024-05-13T09:28:06.402Z [info]: GET /api/v1/docs/favicon-32x32.png 200 - 1.754 ms
2024-05-13T09:28:06.838Z [info]: 📧 Connected to email server 📧
2024-05-13T09:28:17.376Z [info]: GET /api/v1/docs/ 304 - 0.731 ms
2024-05-13T09:28:17.393Z [info]: GET /api/v1/docs/swagger-ui.css 304 - 2.170 ms
2024-05-13T09:28:17.403Z [info]: GET /api/v1/docs/swagger-ui-bundle.js 304 - 2.021 ms
2024-05-13T09:28:17.406Z [info]: GET /api/v1/docs/swagger-ui-init.js 304 - 0.222 ms
2024-05-13T09:28:17.408Z [info]: GET /api/v1/docs/swagger-ui-standalone-preset.js 304 - 3.539 ms
2024-05-13T09:28:17.504Z [info]: GET /api/v1/docs/favicon-32x32.png 304 - 0.266 ms
2024-05-13T09:28:46.412Z [info]: GET /api/v1/docs/ 304 - 1.932 ms
2024-05-13T09:28:46.441Z [info]: GET /api/v1/docs/swagger-ui.css 304 - 1.245 ms
2024-05-13T09:28:46.442Z [info]: GET /api/v1/docs/swagger-ui-bundle.js 304 - 1.404 ms
2024-05-13T09:28:46.449Z [info]: GET /api/v1/docs/swagger-ui-standalone-preset.js 304 - 1.374 ms
2024-05-13T09:28:46.454Z [info]: GET /api/v1/docs/swagger-ui-init.js 304 - 0.869 ms
2024-05-13T09:28:46.519Z [info]: GET /api/v1/docs/favicon-32x32.png 304 - 0.242 ms
2024-05-13T09:30:07.763Z [info]: GET /api/v1/docs/ 304 - 3.502 ms
2024-05-13T09:30:07.801Z [info]: GET /api/v1/docs/swagger-ui.css 304 - 2.649 ms
2024-05-13T09:30:07.809Z [info]: GET /api/v1/docs/swagger-ui-bundle.js 304 - 0.827 ms
2024-05-13T09:30:07.810Z [info]: GET /api/v1/docs/swagger-ui-standalone-preset.js 304 - 1.139 ms
2024-05-13T09:30:07.812Z [info]: GET /api/v1/docs/swagger-ui-init.js 304 - 0.341 ms
2024-05-13T09:32:58.990Z [info]: Listening to port 7003
2024-05-13T09:33:00.661Z [info]: 📧 Connected to email server 📧
2024-05-13T10:32:29.932Z [info]: Listening to port 7003
2024-05-13T10:32:31.559Z [info]: 📧 Connected to email server 📧
2024-05-13T10:32:39.673Z [info]: Listening to port 7003
2024-05-13T10:32:41.292Z [info]: 📧 Connected to email server 📧
2024-05-13T10:32:50.555Z [info]: Listening to port 7003
2024-05-13T10:32:52.119Z [info]: 📧 Connected to email server 📧
2024-05-13T10:33:01.841Z [info]: Listening to port 7003
2024-05-13T10:33:03.402Z [info]: 📧 Connected to email server 📧
2024-05-13T10:33:04.901Z [info]: Listening to port 7003
2024-05-13T10:33:06.376Z [info]: 📧 Connected to email server 📧
2024-05-13T10:33:07.328Z [info]: Listening to port 7003
2024-05-13T10:33:08.468Z [info]: Listening to port 7003
2024-05-13T10:33:09.964Z [info]: 📧 Connected to email server 📧
2024-05-13T10:33:16.587Z [info]: Listening to port 7003
2024-05-13T10:33:18.072Z [info]: 📧 Connected to email server 📧
2024-05-13T10:33:20.459Z [info]: Listening to port 7003
2024-05-13T10:33:22.478Z [info]: Listening to port 7003
2024-05-13T10:33:24.267Z [info]: 📧 Connected to email server 📧
2024-05-13T10:33:29.065Z [info]: Listening to port 7003
2024-05-13T10:33:30.207Z [info]: Listening to port 7003
2024-05-13T10:33:31.818Z [info]: 📧 Connected to email server 📧
2024-05-13T10:33:48.226Z [info]: Listening to port 7003
2024-05-13T10:33:49.786Z [info]: 📧 Connected to email server 📧
2024-05-13T10:33:51.814Z [info]: Listening to port 7003
2024-05-13T10:33:53.005Z [info]: Listening to port 7003
2024-05-13T10:33:56.053Z [info]: Listening to port 7003
2024-05-13T10:39:51.216Z [info]: Listening to port 7003
2024-05-13T10:39:52.780Z [info]: 📧 Connected to email server 📧
2024-05-13T10:41:26.464Z [info]: Listening to port 7003
2024-05-13T10:41:28.033Z [info]: 📧 Connected to email server 📧
2024-05-13T10:41:31.793Z [info]: Listening to port 7003
2024-05-13T10:41:33.352Z [info]: 📧 Connected to email server 📧
2024-05-13T10:42:19.537Z [info]: Listening to port 7003
2024-05-13T10:42:21.092Z [info]: 📧 Connected to email server 📧
2024-05-13T10:42:49.018Z [info]: Listening to port 7003
2024-05-13T10:42:50.668Z [info]: 📧 Connected to email server 📧
2024-05-13T10:42:52.061Z [info]: Listening to port 7003
2024-05-13T10:42:54.029Z [info]: 📧 Connected to email server 📧
2024-05-13T10:42:58.160Z [info]: Listening to port 7003
2024-05-13T10:42:59.841Z [info]: 📧 Connected to email server 📧
2024-05-13T10:43:28.415Z [info]: Listening to port 7003
2024-05-13T10:43:30.094Z [info]: 📧 Connected to email server 📧
2024-05-13T10:43:34.074Z [info]: Listening to port 7003
2024-05-13T10:43:35.700Z [info]: 📧 Connected to email server 📧
2024-05-13T10:43:48.276Z [info]: Listening to port 7003
2024-05-13T10:43:49.947Z [info]: 📧 Connected to email server 📧
2024-05-13T10:44:00.279Z [info]: Listening to port 7003
2024-05-13T10:44:02.187Z [info]: Listening to port 7003
2024-05-13T10:44:03.582Z [info]: Listening to port 7003
2024-05-13T10:44:04.603Z [info]: Listening to port 7003
2024-05-13T10:44:06.118Z [info]: 📧 Connected to email server 📧
2024-05-13T10:44:08.608Z [info]: Listening to port 7003
2024-05-13T10:44:09.918Z [info]: Listening to port 7003
2024-05-13T10:44:11.893Z [info]: Listening to port 7003
2024-05-13T10:44:13.480Z [info]: 📧 Connected to email server 📧
2024-05-13T10:44:14.720Z [info]: Listening to port 7003
2024-05-13T10:44:16.368Z [info]: 📧 Connected to email server 📧
2024-05-13T10:44:21.422Z [info]: Listening to port 7003
2024-05-13T10:44:22.943Z [info]: 📧 Connected to email server 📧
2024-05-13T10:44:26.057Z [info]: Listening to port 7003
2024-05-13T10:44:27.968Z [info]: Listening to port 7003
2024-05-13T10:44:29.512Z [info]: 📧 Connected to email server 📧
2024-05-13T10:44:30.571Z [info]: Listening to port 7003
2024-05-13T10:44:32.035Z [info]: Listening to port 7003
2024-05-13T10:44:33.958Z [info]: Listening to port 7003
2024-05-13T10:44:35.622Z [info]: 📧 Connected to email server 📧
2024-05-13T10:44:46.039Z [info]: Listening to port 7003
2024-05-13T10:44:48.022Z [info]: Listening to port 7003
2024-05-13T10:44:49.763Z [info]: 📧 Connected to email server 📧
2024-05-13T10:45:05.412Z [info]: Listening to port 7003
2024-05-13T10:45:07.079Z [info]: 📧 Connected to email server 📧
2024-05-13T10:45:16.382Z [info]: Listening to port 7003
2024-05-13T10:45:17.914Z [info]: Listening to port 7003
2024-05-13T10:45:19.428Z [info]: 📧 Connected to email server 📧
2024-05-13T10:45:23.044Z [info]: Listening to port 7003
2024-05-13T10:45:24.684Z [info]: 📧 Connected to email server 📧
2024-05-13T10:45:57.630Z [info]: Listening to port 7003
2024-05-13T10:45:59.188Z [info]: 📧 Connected to email server 📧
2024-05-13T10:46:00.427Z [info]: Listening to port 7003
2024-05-13T10:46:02.047Z [info]: 📧 Connected to email server 📧
2024-05-13T10:46:24.774Z [info]: Listening to port 7003
2024-05-13T10:46:26.364Z [info]: 📧 Connected to email server 📧
2024-05-13T10:46:30.241Z [info]: Listening to port 7003
2024-05-13T10:46:31.760Z [info]: 📧 Connected to email server 📧
2024-05-13T10:46:35.624Z [info]: Listening to port 7003
2024-05-13T10:46:37.135Z [info]: 📧 Connected to email server 📧
2024-05-13T10:46:48.660Z [info]: Listening to port 7003
2024-05-13T10:46:50.297Z [info]: 📧 Connected to email server 📧
2024-05-13T10:46:51.285Z [info]: Listening to port 7003
2024-05-13T10:46:52.794Z [info]: 📧 Connected to email server 📧
2024-05-13T10:47:09.519Z [info]: Listening to port 7003
2024-05-13T10:47:11.099Z [info]: 📧 Connected to email server 📧
2024-05-13T10:47:12.206Z [info]: Listening to port 7003
2024-05-13T10:47:13.758Z [info]: 📧 Connected to email server 📧
2024-05-13T10:47:17.722Z [info]: Listening to port 7003
2024-05-13T10:47:19.466Z [info]: 📧 Connected to email server 📧
2024-05-13T10:47:23.990Z [info]: Listening to port 7003
2024-05-13T10:47:25.508Z [info]: 📧 Connected to email server 📧
2024-05-13T10:47:41.265Z [info]: Listening to port 7003
2024-05-13T10:47:42.919Z [info]: 📧 Connected to email server 📧
2024-05-13T10:47:47.346Z [info]: Listening to port 7003
2024-05-13T10:47:49.683Z [info]: Listening to port 7003
2024-05-13T10:47:51.355Z [info]: 📧 Connected to email server 📧
2024-05-13T10:47:57.241Z [info]: Listening to port 7003
2024-05-13T10:47:58.801Z [info]: 📧 Connected to email server 📧
2024-05-13T10:48:05.484Z [info]: Listening to port 7003
2024-05-13T10:48:07.107Z [info]: 📧 Connected to email server 📧
2024-05-13T10:48:11.235Z [info]: Listening to port 7003
2024-05-13T10:48:12.790Z [info]: 📧 Connected to email server 📧
2024-05-13T10:48:15.284Z [info]: Listening to port 7003
2024-05-13T10:48:16.975Z [info]: 📧 Connected to email server 📧
2024-05-13T10:48:22.147Z [info]: Listening to port 7003
2024-05-13T10:48:23.873Z [info]: Listening to port 7003
2024-05-13T10:48:25.452Z [info]: 📧 Connected to email server 📧
2024-05-13T10:48:26.529Z [info]: Listening to port 7003
2024-05-13T10:48:28.049Z [info]: 📧 Connected to email server 📧
2024-05-13T10:48:32.334Z [info]: Listening to port 7003
2024-05-13T10:48:33.811Z [info]: 📧 Connected to email server 📧
2024-05-13T10:48:41.410Z [info]: Listening to port 7003
2024-05-13T10:48:43.021Z [info]: 📧 Connected to email server 📧
2024-05-13T10:48:46.953Z [info]: Listening to port 7003
2024-05-13T10:48:48.599Z [info]: 📧 Connected to email server 📧
2024-05-13T10:48:51.630Z [info]: Listening to port 7003
2024-05-13T10:48:53.381Z [info]: 📧 Connected to email server 📧
2024-05-13T10:49:08.403Z [info]: GET /api/v1/docs/ 304 - 7.314 ms
2024-05-13T10:49:08.431Z [info]: GET /api/v1/docs/swagger-ui.css 304 - 2.955 ms
2024-05-13T10:49:08.437Z [info]: GET /api/v1/docs/swagger-ui-bundle.js 304 - 0.877 ms
2024-05-13T10:49:08.443Z [info]: GET /api/v1/docs/swagger-ui-init.js 200 - 1.084 ms
2024-05-13T10:49:08.445Z [info]: GET /api/v1/docs/swagger-ui-standalone-preset.js 304 - 6.166 ms
2024-05-13T10:49:08.919Z [info]: GET /api/v1/docs/favicon-32x32.png 304 - 0.354 ms
2024-05-13T10:50:19.102Z [info]: Listening to port 7003
2024-05-13T10:50:20.307Z [info]: Listening to port 7003
2024-05-13T10:50:21.858Z [info]: 📧 Connected to email server 📧
2024-05-13T10:50:26.724Z [info]: Listening to port 7003
2024-05-13T10:50:28.230Z [info]: 📧 Connected to email server 📧
2024-05-13T10:50:40.122Z [info]: Listening to port 7003
2024-05-13T10:50:41.750Z [info]: 📧 Connected to email server 📧
2024-05-13T10:50:43.446Z [info]: Listening to port 7003
2024-05-13T10:50:44.983Z [info]: 📧 Connected to email server 📧
2024-05-13T10:50:45.251Z [info]: GET /api/v1/docs/ 304 - 6.086 ms
2024-05-13T10:50:45.266Z [info]: GET /api/v1/docs/swagger-ui.css 304 - 1.227 ms
2024-05-13T10:50:45.270Z [info]: GET /api/v1/docs/swagger-ui-bundle.js 304 - 1.585 ms
2024-05-13T10:50:45.270Z [info]: GET /api/v1/docs/swagger-ui-standalone-preset.js 304 - 1.123 ms
2024-05-13T10:50:45.273Z [info]: GET /api/v1/docs/swagger-ui-init.js 200 - 0.483 ms
2024-05-13T10:50:45.400Z [info]: GET /api/v1/docs/favicon-32x32.png 304 - 0.827 ms
2024-05-13T10:50:45.438Z [error]: GET /api/v1/docs/eyJhbGciOiJIUzI1NiIsInR5cCI6IkpXVCJ9.eyJzdWIiOiI2NjNiNjI2YjhkMjQ3NzI1MjJmNDI0ZDYiLCJpYXQiOjE3MTU0MDQ1ODF9.H92L41cNCqsNLmcm5UCpqULMCKsadcfPDoZC5JDtCso 404 - 1.433 ms - message: -
2024-05-13T10:50:55.691Z [info]: GET /api/v1/docs/ 304 - 1.346 ms
2024-05-13T10:50:55.704Z [info]: GET /api/v1/docs/swagger-ui.css 304 - 0.618 ms
2024-05-13T10:50:55.710Z [info]: GET /api/v1/docs/swagger-ui-bundle.js 304 - 2.810 ms
2024-05-13T10:50:55.712Z [info]: GET /api/v1/docs/swagger-ui-standalone-preset.js 304 - 4.068 ms
2024-05-13T10:50:55.714Z [info]: GET /api/v1/docs/swagger-ui-init.js 304 - 0.233 ms
2024-05-13T10:50:55.774Z [info]: GET /api/v1/docs/favicon-32x32.png 304 - 0.324 ms
2024-05-13T10:50:57.365Z [error]: GET /api/v1/docs/eyJhbGciOiJIUzI1NiIsInR5cCI6IkpXVCJ9.eyJzdWIiOiI2NjNiNjI2YjhkMjQ3NzI1MjJmNDI0ZDYiLCJpYXQiOjE3MTU0MDQ1ODF9.H92L41cNCqsNLmcm5UCpqULMCKsadcfPDoZC5JDtCso 404 - 1.785 ms - message: -
2024-05-13T10:51:31.830Z [info]: Listening to port 7003
2024-05-13T10:51:33.486Z [info]: 📧 Connected to email server 📧
2024-05-13T10:51:34.064Z [info]: GET /api/v1/docs/ 304 - 5.118 ms
2024-05-13T10:51:34.088Z [info]: GET /api/v1/docs/swagger-ui-init.js 200 - 0.458 ms
2024-05-13T10:51:34.090Z [info]: GET /api/v1/docs/swagger-ui.css 304 - 5.224 ms
2024-05-13T10:51:34.092Z [info]: GET /api/v1/docs/swagger-ui-bundle.js 304 - 6.465 ms
2024-05-13T10:51:34.093Z [info]: GET /api/v1/docs/swagger-ui-standalone-preset.js 304 - 6.452 ms
2024-05-13T10:51:34.185Z [info]: GET /api/v1/docs/favicon-32x32.png 304 - 0.443 ms
2024-05-13T10:51:34.223Z [error]: GET /api/v1/docs/eyJhbGciOiJIUzI1NiIsInR5cCI6IkpXVCJ9.eyJzdWIiOiI2NjNiNjI2YjhkMjQ3NzI1MjJmNDI0ZDYiLCJpYXQiOjE3MTU0MDQ1ODF9.H92L41cNCqsNLmcm5UCpqULMCKsadcfPDoZC5JDtCso 404 - 0.731 ms - message: -
2024-05-13T10:52:09.888Z [error]: POST /v1/auth/login 404 - 0.249 ms - message: -
2024-05-13T10:52:50.801Z [info]: Listening to port 7003
2024-05-13T10:52:52.372Z [info]: 📧 Connected to email server 📧
2024-05-13T10:52:53.943Z [info]: Listening to port 7003
2024-05-13T10:52:55.641Z [info]: 📧 Connected to email server 📧
2024-05-13T10:52:56.404Z [info]: GET /api/v1/docs/ 304 - 7.148 ms
2024-05-13T10:52:56.429Z [info]: GET /api/v1/docs/swagger-ui.css 304 - 2.338 ms
2024-05-13T10:52:56.434Z [info]: GET /api/v1/docs/swagger-ui-bundle.js 304 - 0.514 ms
2024-05-13T10:52:56.438Z [info]: GET /api/v1/docs/swagger-ui-init.js 200 - 0.474 ms
2024-05-13T10:52:56.440Z [info]: GET /api/v1/docs/swagger-ui-standalone-preset.js 304 - 3.282 ms
2024-05-13T10:52:56.528Z [info]: GET /api/v1/docs/favicon-32x32.png 304 - 0.435 ms
2024-05-13T10:52:56.562Z [error]: GET /api/v1/docs/eyJhbGciOiJIUzI1NiIsInR5cCI6IkpXVCJ9.eyJzdWIiOiI2NjNiNjI2YjhkMjQ3NzI1MjJmNDI0ZDYiLCJpYXQiOjE3MTU0MDQ1ODF9.H92L41cNCqsNLmcm5UCpqULMCKsadcfPDoZC5JDtCso 404 - 1.084 ms - message: -
2024-05-13T10:53:04.740Z [error]: POST /api/v1/auth/login 404 - 30.281 ms - message: -
2024-05-13T10:53:41.136Z [info]: GET /api/v1/docs/ 304 - 0.984 ms
2024-05-13T10:53:41.158Z [info]: GET /api/v1/docs/swagger-ui.css 304 - 1.430 ms
2024-05-13T10:53:41.163Z [info]: GET /api/v1/docs/swagger-ui-bundle.js 304 - 1.890 ms
2024-05-13T10:53:41.166Z [info]: GET /api/v1/docs/swagger-ui-standalone-preset.js 304 - 4.842 ms
2024-05-13T10:53:41.168Z [info]: GET /api/v1/docs/swagger-ui-init.js 304 - 0.362 ms
2024-05-13T10:53:41.242Z [info]: GET /api/v1/docs/favicon-32x32.png 304 - 0.439 ms
2024-05-13T10:53:42.733Z [error]: GET /api/v1/docs/eyJhbGciOiJIUzI1NiIsInR5cCI6IkpXVCJ9.eyJzdWIiOiI2NjNiNjI2YjhkMjQ3NzI1MjJmNDI0ZDYiLCJpYXQiOjE3MTU0MDQ1ODF9.H92L41cNCqsNLmcm5UCpqULMCKsadcfPDoZC5JDtCso 404 - 0.927 ms - message: -
2024-05-13T10:54:07.412Z [info]: Listening to port 7003
2024-05-13T10:54:08.992Z [info]: 📧 Connected to email server 📧
2024-05-13T10:54:10.571Z [info]: Listening to port 7003
2024-05-13T10:54:12.082Z [info]: 📧 Connected to email server 📧
2024-05-13T10:54:12.959Z [info]: Listening to port 7003
2024-05-13T10:54:14.478Z [info]: 📧 Connected to email server 📧
2024-05-13T10:54:15.627Z [info]: GET /api/v1/docs/ 304 - 4.817 ms
2024-05-13T10:54:15.642Z [info]: GET /api/v1/docs/swagger-ui.css 304 - 1.399 ms
2024-05-13T10:54:15.646Z [info]: GET /api/v1/docs/swagger-ui-bundle.js 304 - 0.718 ms
2024-05-13T10:54:15.649Z [info]: GET /api/v1/docs/swagger-ui-init.js 200 - 0.439 ms
2024-05-13T10:54:15.650Z [info]: GET /api/v1/docs/swagger-ui-standalone-preset.js 304 - 2.805 ms
2024-05-13T10:54:15.737Z [info]: GET /api/v1/docs/favicon-32x32.png 304 - 0.432 ms
2024-05-13T10:54:22.366Z [error]: POST /api/v1/auth/login 404 - 30.873 ms - message: -
2024-05-13T10:54:24.355Z [error]: POST /api/v1/auth/login 404 - 6.148 ms - message: -
2024-05-13T10:54:25.039Z [error]: POST /api/v1/auth/login 404 - 3.187 ms - message: -
2024-05-13T10:54:26.818Z [error]: POST /api/v1/auth/login 404 - 5.690 ms - message: -
2024-05-13T10:54:46.772Z [error]: POST /api/v1/auth/login 404 - 2.830 ms - message: -
2024-05-13T10:54:54.601Z [error]: POST /api/v1/auth/login 404 - 4.789 ms - message: -
2024-05-13T10:54:55.238Z [error]: POST /api/v1/auth/login 404 - 2.818 ms - message: -
2024-05-13T10:54:55.589Z [error]: POST /api/v1/auth/login 404 - 3.644 ms - message: -
2024-05-13T10:54:55.838Z [error]: POST /api/v1/auth/login 404 - 4.069 ms - message: -
2024-05-13T10:54:56.059Z [error]: POST /api/v1/auth/login 404 - 3.980 ms - message: -
2024-05-13T10:54:56.253Z [error]: POST /api/v1/auth/login 404 - 5.999 ms - message: -
2024-05-13T10:54:56.481Z [error]: POST /api/v1/auth/login 404 - 4.113 ms - message: -
2024-05-13T10:54:56.689Z [error]: POST /api/v1/auth/login 404 - 4.275 ms - message: -
2024-05-13T10:55:00.022Z [error]: POST /api/v1/auth/login 404 - 3.946 ms - message: -
2024-05-13T11:05:15.549Z [info]: GET /api/v1/docs/ 304 - 1.540 ms
2024-05-13T11:05:15.611Z [info]: GET /api/v1/docs/swagger-ui.css 304 - 2.355 ms
2024-05-13T11:05:15.612Z [info]: GET /api/v1/docs/swagger-ui-bundle.js 304 - 2.667 ms
2024-05-13T11:05:15.626Z [info]: GET /api/v1/docs/swagger-ui-init.js 304 - 0.419 ms
2024-05-13T11:05:15.627Z [info]: GET /api/v1/docs/swagger-ui-standalone-preset.js 304 - 4.636 ms
2024-05-13T11:05:25.692Z [info]: GET /api/v1/docs/ 304 - 0.766 ms
2024-05-13T11:05:25.715Z [info]: GET /api/v1/docs/swagger-ui.css 304 - 0.287 ms
2024-05-13T11:05:25.719Z [info]: GET /api/v1/docs/swagger-ui-init.js 304 - 0.209 ms
2024-05-13T11:05:25.724Z [info]: GET /api/v1/docs/swagger-ui-bundle.js 304 - 3.623 ms
2024-05-13T11:05:25.724Z [info]: GET /api/v1/docs/swagger-ui-standalone-preset.js 304 - 6.481 ms
2024-05-13T11:05:25.854Z [info]: GET /api/v1/docs/favicon-32x32.png 304 - 1.415 ms
2024-05-13T11:05:31.868Z [error]: POST /api/v1/auth/login 404 - 2.761 ms - message: -
2024-05-13T12:13:19.651Z [info]: GET /api/v1/docs/ 304 - 1.737 ms
2024-05-13T12:13:19.671Z [info]: GET /api/v1/docs/swagger-ui.css 304 - 0.300 ms
2024-05-13T12:13:19.675Z [info]: GET /api/v1/docs/swagger-ui-init.js 304 - 0.299 ms
2024-05-13T12:13:19.676Z [info]: GET /api/v1/docs/swagger-ui-bundle.js 304 - 1.786 ms
2024-05-13T12:13:19.676Z [info]: GET /api/v1/docs/swagger-ui-standalone-preset.js 304 - 1.909 ms
2024-05-13T12:13:19.953Z [info]: GET /api/v1/docs/favicon-32x32.png 304 - 0.228 ms
2024-05-13T12:17:56.947Z [info]: Listening to port 7003
2024-05-13T12:17:58.456Z [info]: 📧 Connected to email server 📧
2024-05-13T12:18:21.371Z [info]: Listening to port 7003
2024-05-13T12:18:23.015Z [info]: 📧 Connected to email server 📧
2024-05-13T12:18:51.859Z [info]: Listening to port 7003
2024-05-13T12:18:53.066Z [info]: Listening to port 7003
2024-05-13T12:18:54.594Z [info]: 📧 Connected to email server 📧
2024-05-13T12:19:00.181Z [info]: Listening to port 7003
2024-05-13T12:19:11.581Z [info]: Listening to port 7003
2024-05-13T12:19:13.083Z [info]: Listening to port 7003
2024-05-13T12:19:14.657Z [info]: 📧 Connected to email server 📧
2024-05-13T12:19:17.186Z [info]: Listening to port 7003
2024-05-13T12:19:18.693Z [info]: 📧 Connected to email server 📧
2024-05-13T12:19:20.481Z [info]: Listening to port 7003
2024-05-13T12:19:22.013Z [info]: 📧 Connected to email server 📧
2024-05-13T12:19:27.992Z [info]: 📧 Connected to email server 📧
2024-05-13T12:19:28.948Z [info]: Listening to port 7003
2024-05-13T12:19:30.504Z [info]: 📧 Connected to email server 📧
2024-05-13T12:19:33.902Z [info]: Listening to port 7003
2024-05-13T12:19:35.429Z [info]: 📧 Connected to email server 📧
2024-05-13T12:19:41.219Z [info]: Listening to port 7003
2024-05-13T12:19:42.567Z [info]: Listening to port 7003
2024-05-13T12:19:44.291Z [info]: 📧 Connected to email server 📧
2024-05-13T12:19:46.556Z [info]: Listening to port 7003
2024-05-13T12:19:48.420Z [info]: 📧 Connected to email server 📧
2024-05-13T12:23:34.714Z [info]: Listening to port 7003
2024-05-13T12:23:36.888Z [info]: 📧 Connected to email server 📧
